<?xml version="1.0" encoding="UTF-8"?>
<!-- Generated by org.testng.reporters.JUnitXMLReporter -->
<testsuite ignored="0" hostname="Adiths-MacBook-Pro-2.local" failures="0" tests="3" name="Default test" time="9.593" errors="0" timestamp="21 Mar 2022 14:31:42 GMT">
  <testcase classname="AppTests.GoogleTest" name="searchTest" time="1.09"/>
  <testcase classname="AppTests.GoogleTest" name="googlesearchBtnTest" time="5.052"/>
  <testcase classname="AppTests.GoogleTest" name="urlTest" time="0.01"/>
</testsuite> <!-- Default test -->
