<?xml version="1.0" encoding="UTF-8"?>
<testng-results ignored="0" total="7" passed="7" failed="0" skipped="0">
  <reporter-output>
  </reporter-output>
  <suite started-at="2022-03-21T15:39:33Z" name="TestNG Sanity Suite" finished-at="2022-03-21T15:39:54Z" duration-ms="20562">
    <groups>
    </groups>
    <test started-at="2022-03-21T15:39:33Z" name="OpenCart Test" finished-at="2022-03-21T15:39:40Z" duration-ms="7129">
      <class name="AppTests.OpenCartTest">
        <test-method is-config="true" signature="setUp(java.lang.String, java.lang.String)[pri:0, instance:AppTests.OpenCartTest@124c278f]" started-at="2022-03-21T15:39:33Z" name="setUp" finished-at="2022-03-21T15:39:40Z" duration-ms="6902" status="PASS">
          <params>
            <param index="0">
              <value>
                <![CDATA[https://demo.opencart.com/index.php?route=account/login]]>
              </value>
            </param>
            <param index="1">
              <value>
                <![CDATA[chrome]]>
              </value>
            </param>
          </params>
          <reporter-output>
          </reporter-output>
        </test-method> <!-- setUp -->
        <test-method signature="registerLinkTest()[pri:1, instance:AppTests.OpenCartTest@124c278f]" started-at="2022-03-21T15:39:40Z" name="registerLinkTest" finished-at="2022-03-21T15:39:40Z" duration-ms="82" status="PASS">
          <reporter-output>
          </reporter-output>
        </test-method> <!-- registerLinkTest -->
        <test-method signature="urlTest()[pri:2, instance:AppTests.OpenCartTest@124c278f]" started-at="2022-03-21T15:39:40Z" name="urlTest" finished-at="2022-03-21T15:39:40Z" duration-ms="10" status="PASS">
          <reporter-output>
          </reporter-output>
        </test-method> <!-- urlTest -->
        <test-method is-config="true" signature="tearDown()[pri:0, instance:AppTests.OpenCartTest@124c278f]" started-at="2022-03-21T15:39:40Z" name="tearDown" finished-at="2022-03-21T15:39:40Z" duration-ms="125" status="PASS">
          <reporter-output>
          </reporter-output>
        </test-method> <!-- tearDown -->
      </class> <!-- AppTests.OpenCartTest -->
    </test> <!-- OpenCart Test -->
    <test started-at="2022-03-21T15:39:33Z" name="Google Test" finished-at="2022-03-21T15:39:45Z" duration-ms="11903">
      <class name="AppTests.GoogleTest">
        <test-method is-config="true" signature="setUp(java.lang.String, java.lang.String)[pri:0, instance:AppTests.GoogleTest@4c15e7fd]" started-at="2022-03-21T15:39:33Z" name="setUp" finished-at="2022-03-21T15:39:40Z" duration-ms="6523" status="PASS">
          <params>
            <param index="0">
              <value>
                <![CDATA[https://www.google.com]]>
              </value>
            </param>
            <param index="1">
              <value>
                <![CDATA[chrome]]>
              </value>
            </param>
          </params>
          <reporter-output>
          </reporter-output>
        </test-method> <!-- setUp -->
        <test-method signature="searchTest()[pri:1, instance:AppTests.GoogleTest@4c15e7fd]" started-at="2022-03-21T15:39:40Z" name="searchTest" finished-at="2022-03-21T15:39:40Z" duration-ms="139" status="PASS">
          <reporter-output>
          </reporter-output>
        </test-method> <!-- searchTest -->
        <test-method signature="googlesearchBtnTest()[pri:2, instance:AppTests.GoogleTest@4c15e7fd]" started-at="2022-03-21T15:39:40Z" name="googlesearchBtnTest" finished-at="2022-03-21T15:39:45Z" duration-ms="5033" status="PASS">
          <reporter-output>
          </reporter-output>
        </test-method> <!-- googlesearchBtnTest -->
        <test-method signature="urlTest()[pri:3, instance:AppTests.GoogleTest@4c15e7fd]" started-at="2022-03-21T15:39:45Z" name="urlTest" finished-at="2022-03-21T15:39:45Z" duration-ms="14" status="PASS">
          <reporter-output>
          </reporter-output>
        </test-method> <!-- urlTest -->
        <test-method is-config="true" signature="tearDown()[pri:0, instance:AppTests.GoogleTest@4c15e7fd]" started-at="2022-03-21T15:39:45Z" name="tearDown" finished-at="2022-03-21T15:39:45Z" duration-ms="163" status="PASS">
          <reporter-output>
          </reporter-output>
        </test-method> <!-- tearDown -->
      </class> <!-- AppTests.GoogleTest -->
    </test> <!-- Google Test -->
    <test started-at="2022-03-21T15:39:33Z" name="OrangeHRM Test" finished-at="2022-03-21T15:39:54Z" duration-ms="20562">
      <class name="AppTests.OrangeHRMTest">
        <test-method is-config="true" signature="setUp(java.lang.String, java.lang.String)[pri:0, instance:AppTests.OrangeHRMTest@33afa13b]" started-at="2022-03-21T15:39:33Z" name="setUp" finished-at="2022-03-21T15:39:53Z" duration-ms="19380" status="PASS">
          <params>
            <param index="0">
              <value>
                <![CDATA[https://www.orangehrm.com/orangehrm-30-day-trial/]]>
              </value>
            </param>
            <param index="1">
              <value>
                <![CDATA[firefox]]>
              </value>
            </param>
          </params>
          <reporter-output>
          </reporter-output>
        </test-method> <!-- setUp -->
        <test-method signature="urlTest()[pri:1, instance:AppTests.OrangeHRMTest@33afa13b]" started-at="2022-03-21T15:39:53Z" name="urlTest" finished-at="2022-03-21T15:39:53Z" duration-ms="32" status="PASS">
          <reporter-output>
          </reporter-output>
        </test-method> <!-- urlTest -->
        <test-method signature="contactSalesTest()[pri:2, instance:AppTests.OrangeHRMTest@33afa13b]" started-at="2022-03-21T15:39:53Z" name="contactSalesTest" finished-at="2022-03-21T15:39:53Z" duration-ms="286" status="PASS">
          <reporter-output>
          </reporter-output>
        </test-method> <!-- contactSalesTest -->
        <test-method is-config="true" signature="tearDown()[pri:0, instance:AppTests.OrangeHRMTest@33afa13b]" started-at="2022-03-21T15:39:53Z" name="tearDown" finished-at="2022-03-21T15:39:54Z" duration-ms="858" status="PASS">
          <reporter-output>
          </reporter-output>
        </test-method> <!-- tearDown -->
      </class> <!-- AppTests.OrangeHRMTest -->
    </test> <!-- OrangeHRM Test -->
  </suite> <!-- TestNG Sanity Suite -->
</testng-results>
