<?xml version="1.0" encoding="UTF-8"?>
<testng-results ignored="0" total="2" passed="2" failed="0" skipped="0">
  <reporter-output>
  </reporter-output>
  <suite started-at="2022-03-21T12:12:04Z" name="Default suite" finished-at="2022-03-21T12:12:14Z" duration-ms="9370">
    <groups>
    </groups>
    <test started-at="2022-03-21T12:12:04Z" name="Default test" finished-at="2022-03-21T12:12:14Z" duration-ms="9370">
      <class name="AppTests.OrangeHRMTest">
        <test-method is-config="true" signature="setUp()[pri:0, instance:AppTests.OrangeHRMTest@6293abcc]" started-at="2022-03-21T12:12:04Z" name="setUp" finished-at="2022-03-21T12:12:08Z" duration-ms="4168" status="PASS">
          <reporter-output>
          </reporter-output>
        </test-method> <!-- setUp -->
        <test-method signature="urlTest()[pri:1, instance:AppTests.OrangeHRMTest@6293abcc]" started-at="2022-03-21T12:12:08Z" name="urlTest" finished-at="2022-03-21T12:12:13Z" duration-ms="4862" status="PASS">
          <reporter-output>
          </reporter-output>
        </test-method> <!-- urlTest -->
        <test-method signature="contactSalesTest()[pri:2, instance:AppTests.OrangeHRMTest@6293abcc]" started-at="2022-03-21T12:12:13Z" name="contactSalesTest" finished-at="2022-03-21T12:12:13Z" duration-ms="129" status="PASS">
          <reporter-output>
          </reporter-output>
        </test-method> <!-- contactSalesTest -->
        <test-method is-config="true" signature="tearDown()[pri:0, instance:AppTests.OrangeHRMTest@6293abcc]" started-at="2022-03-21T12:12:13Z" name="tearDown" finished-at="2022-03-21T12:12:14Z" duration-ms="184" status="PASS">
          <reporter-output>
          </reporter-output>
        </test-method> <!-- tearDown -->
      </class> <!-- AppTests.OrangeHRMTest -->
    </test> <!-- Default test -->
  </suite> <!-- Default suite -->
</testng-results>
