<?xml version="1.0" encoding="UTF-8"?>
<!-- Generated by org.testng.reporters.JUnitXMLReporter -->
<testsuite ignored="0" hostname="Adiths-MacBook-Pro-2.local" failures="0" tests="3" name="Google Test" time="11.903" errors="0" timestamp="21 Mar 2022 15:39:45 GMT">
  <testcase classname="AppTests.GoogleTest" name="searchTest" time="0.139"/>
  <testcase classname="AppTests.GoogleTest" name="googlesearchBtnTest" time="5.033"/>
  <testcase classname="AppTests.GoogleTest" name="urlTest" time="0.014"/>
</testsuite> <!-- Google Test -->
